Daily activity on Wed Sep 24 12:54:30 UTC 2025
Daily activity on Wed Sep 24 12:55:33 UTC 2025
Daily activity on Wed Sep 24 15:17:42 UTC 2025
Daily activity on Wed Sep 24 18:22:58 UTC 2025
Daily activity on Wed Sep 24 21:14:43 UTC 2025
Daily activity on Thu Sep 25 01:16:57 UTC 2025
Daily activity on Thu Sep 25 03:32:23 UTC 2025
Daily activity on Thu Sep 25 06:26:35 UTC 2025
Daily activity on Thu Sep 25 09:18:20 UTC 2025
Daily activity on Thu Sep 25 12:36:38 UTC 2025
Daily activity on Thu Sep 25 15:18:16 UTC 2025
Daily activity on Thu Sep 25 18:25:12 UTC 2025
Daily activity on Thu Sep 25 21:14:49 UTC 2025
Daily activity on Fri Sep 26 01:16:36 UTC 2025
Daily activity on Fri Sep 26 03:30:30 UTC 2025
Daily activity on Fri Sep 26 06:25:49 UTC 2025
Daily activity on Fri Sep 26 09:18:42 UTC 2025
Daily activity on Fri Sep 26 12:35:50 UTC 2025
Daily activity on Fri Sep 26 15:17:40 UTC 2025
Daily activity on Fri Sep 26 18:22:24 UTC 2025
Daily activity on Fri Sep 26 21:14:17 UTC 2025
Daily activity on Sat Sep 27 01:13:38 UTC 2025
Daily activity on Sat Sep 27 03:25:47 UTC 2025
Daily activity on Sat Sep 27 06:22:02 UTC 2025
Daily activity on Sat Sep 27 09:14:45 UTC 2025
Daily activity on Sat Sep 27 12:30:59 UTC 2025
Daily activity on Sat Sep 27 15:14:23 UTC 2025
Daily activity on Sat Sep 27 18:20:58 UTC 2025
Daily activity on Sat Sep 27 21:13:18 UTC 2025
Daily activity on Sun Sep 28 01:24:01 UTC 2025
Daily activity on Sun Sep 28 03:36:44 UTC 2025
Daily activity on Sun Sep 28 06:23:15 UTC 2025
Daily activity on Sun Sep 28 09:15:30 UTC 2025
Daily activity on Sun Sep 28 12:31:33 UTC 2025
Daily activity on Sun Sep 28 15:14:01 UTC 2025
Daily activity on Sun Sep 28 18:21:16 UTC 2025
Daily activity on Sun Sep 28 21:13:45 UTC 2025
Daily activity on Mon Sep 29 01:18:33 UTC 2025
Daily activity on Mon Sep 29 03:35:34 UTC 2025
Daily activity on Mon Sep 29 06:27:24 UTC 2025
Daily activity on Mon Sep 29 09:20:07 UTC 2025
Daily activity on Mon Sep 29 12:37:03 UTC 2025
Daily activity on Mon Sep 29 15:17:38 UTC 2025
Daily activity on Mon Sep 29 18:25:07 UTC 2025
Daily activity on Mon Sep 29 21:14:06 UTC 2025
Daily activity on Tue Sep 30 01:17:38 UTC 2025
Daily activity on Tue Sep 30 03:29:57 UTC 2025
Daily activity on Tue Sep 30 06:27:01 UTC 2025
Daily activity on Tue Sep 30 09:18:44 UTC 2025
Daily activity on Tue Sep 30 12:37:07 UTC 2025
